<?xml version="1.0" encoding="UTF-8"?>
<testsuite name="DBTest" tests="5" skipped="0" failures="0" errors="0" timestamp="2022-01-12T20:33:27" hostname="DESKTOP-NU4JUGF" time="3.802">
  <properties/>
  <testcase name="credPasswordCheck" classname="DBTest" time="0.469"/>
  <testcase name="testConnection" classname="DBTest" time="0.034"/>
  <testcase name="credUsernameCheck" classname="DBTest" time="0.015"/>
  <testcase name="credIDCheck" classname="DBTest" time="0.014"/>
  <testcase name="checkValidCredentials" classname="DBTest" time="3.269"/>
  <system-out><![CDATA[Hello
World
TEST COMPLETE
1
0
]]></system-out>
  <system-err><![CDATA[]]></system-err>
</testsuite>
